<?xml version="1.0" encoding="UTF-8"?>
<!-- Generated by org.testng.reporters.JUnitXMLReporter -->
<testsuite hostname="Home_PC" ignored="0" name="TC001_VerifyLoginWithInvalidCredentials" tests="1" failures="0" timestamp="18 Jan 2018 14:41:20 GMT" time="11.525" errors="0">
  <testcase name="verifyLoginWithInvalidCredentials" time="2.149" classname="com.test.automation.uiAutomation.homepage.TC001_VerifyLoginWithInvalidCredentials"/>
</testsuite> <!-- TC001_VerifyLoginWithInvalidCredentials -->
